# JRE version: Java(TM) SE Runtime Environment (7.0_79-b15) (build 1.7.0_79-b15)
# Java VM: Java HotSpot(TM) 64-Bit Server VM (24.79-b02 mixed mode windows-amd64 compressed oops)
Heap
 PSYoungGen      total 76288K, used 65533K [0x00000007ab280000, 0x00000007b0780000, 0x0000000800000000)
  eden space 65536K, 99% used [0x00000007ab280000,0x00000007af27f5b0,0x00000007af280000)
  from space 10752K, 0% used [0x00000007af280000,0x00000007af280000,0x00000007afd00000)
  to   space 10752K, 2% used [0x00000007afd00000,0x00000007afd48000,0x00000007b0780000)
 ParOldGen       total 199168K, used 147570K [0x0000000701800000, 0x000000070da80000, 0x00000007ab280000)
  object space 199168K, 74% used [0x0000000701800000,0x000000070a81ca98,0x000000070da80000)
 PSPermGen       total 48128K, used 23831K [0x00000006fc600000, 0x00000006ff500000, 0x0000000701800000)
  object space 48128K, 49% used [0x00000006fc600000,0x00000006fdd45ce8,0x00000006ff500000)
GC Heap History (8 events):
Event: 0.802 GC heap before
{Heap before GC invocations=1 (full 0):
 PSYoungGen      total 76288K, used 65536K [0x00000007ab280000, 0x00000007b0780000, 0x0000000800000000)
  eden space 65536K, 100% used [0x00000007ab280000,0x00000007af280000,0x00000007af280000)
  from space 10752K, 0% used [0x00000007afd00000,0x00000007afd00000,0x00000007b0780000)
  to   space 10752K, 0% used [0x00000007af280000,0x00000007af280000,0x00000007afd00000)
 ParOldGen       total 173568K, used 0K [0x0000000701800000, 0x000000070c180000, 0x00000007ab280000)
  object space 173568K, 0% used [0x0000000701800000,0x0000000701800000,0x000000070c180000)
 PSPermGen       total 21504K, used 13787K [0x00000006fc600000, 0x00000006fdb00000, 0x0000000701800000)
  object space 21504K, 64% used [0x00000006fc600000,0x00000006fd376fc8,0x00000006fdb00000)
Event: 0.810 GC heap after
Heap after GC invocations=1 (full 0):
 PSYoungGen      total 76288K, used 6128K [0x00000007ab280000, 0x00000007b0780000, 0x0000000800000000)
  eden space 65536K, 0% used [0x00000007ab280000,0x00000007ab280000,0x00000007af280000)
  from space 10752K, 56% used [0x00000007af280000,0x00000007af87c150,0x00000007afd00000)
  to   space 10752K, 0% used [0x00000007afd00000,0x00000007afd00000,0x00000007b0780000)
 ParOldGen       total 173568K, used 8K [0x0000000701800000, 0x000000070c180000, 0x00000007ab280000)
  object space 173568K, 0% used [0x0000000701800000,0x0000000701802000,0x000000070c180000)
 PSPermGen       total 21504K, used 13787K [0x00000006fc600000, 0x00000006fdb00000, 0x0000000701800000)
  object space 21504K, 64% used [0x00000006fc600000,0x00000006fd376fc8,0x00000006fdb00000)
}
Event: 49.816 GC heap before
{Heap before GC invocations=2 (full 0):
 PSYoungGen      total 76288K, used 71664K [0x00000007ab280000, 0x00000007b0780000, 0x0000000800000000)
  eden space 65536K, 100% used [0x00000007ab280000,0x00000007af280000,0x00000007af280000)
  from space 10752K, 56% used [0x00000007af280000,0x00000007af87c150,0x00000007afd00000)
  to   space 10752K, 0% used [0x00000007afd00000,0x00000007afd00000,0x00000007b0780000)
 ParOldGen       total 173568K, used 8K [0x0000000701800000, 0x000000070c180000, 0x00000007ab280000)
  object space 173568K, 0% used [0x0000000701800000,0x0000000701802000,0x000000070c180000)
 PSPermGen       total 23040K, used 22950K [0x00000006fc600000, 0x00000006fdc80000, 0x0000000701800000)
  object space 23040K, 99% used [0x00000006fc600000,0x00000006fdc69bc0,0x00000006fdc80000)
Event: 49.826 GC heap after
Heap after GC invocations=2 (full 0):
 PSYoungGen      total 76288K, used 10748K [0x00000007ab280000, 0x00000007b0780000, 0x0000000800000000)
  eden space 65536K, 0% used [0x00000007ab280000,0x00000007ab280000,0x00000007af280000)
  from space 10752K, 99% used [0x00000007afd00000,0x00000007b077f278,0x00000007b0780000)
  to   space 10752K, 0% used [0x00000007af280000,0x00000007af280000,0x00000007afd00000)
 ParOldGen       total 173568K, used 21578K [0x0000000701800000, 0x000000070c180000, 0x00000007ab280000)
  object space 173568K, 12% used [0x0000000701800000,0x0000000702d12948,0x000000070c180000)
 PSPermGen       total 23040K, used 22950K [0x00000006fc600000, 0x00000006fdc80000, 0x0000000701800000)
  object space 23040K, 99% used [0x00000006fc600000,0x00000006fdc69bc0,0x00000006fdc80000)
}
Event: 51.871 GC heap before
{Heap before GC invocations=3 (full 0):
 PSYoungGen      total 76288K, used 68495K [0x00000007ab280000, 0x00000007b0780000, 0x0000000800000000)
  eden space 65536K, 88% used [0x00000007ab280000,0x00000007aeae4cd8,0x00000007af280000)
  from space 10752K, 99% used [0x00000007afd00000,0x00000007b077f278,0x00000007b0780000)
  to   space 10752K, 0% used [0x00000007af280000,0x00000007af280000,0x00000007afd00000)
 ParOldGen       total 173568K, used 21578K [0x0000000701800000, 0x000000070c180000, 0x00000007ab280000)
  object space 173568K, 12% used [0x0000000701800000,0x0000000702d12948,0x000000070c180000)
 PSPermGen       total 24064K, used 23838K [0x00000006fc600000, 0x00000006fdd80000, 0x0000000701800000)
  object space 24064K, 99% used [0x00000006fc600000,0x00000006fdd47990,0x00000006fdd80000)
Event: 51.887 GC heap after
Heap after GC invocations=3 (full 0):
 PSYoungGen      total 76288K, used 10748K [0x00000007ab280000, 0x00000007b0780000, 0x0000000800000000)
  eden space 65536K, 0% used [0x00000007ab280000,0x00000007ab280000,0x00000007af280000)
  from space 10752K, 99% used [0x00000007af280000,0x00000007afcff278,0x00000007afd00000)
  to   space 10752K, 0% used [0x00000007afd00000,0x00000007afd00000,0x00000007b0780000)
 ParOldGen       total 173568K, used 98037K [0x0000000701800000, 0x000000070c180000, 0x00000007ab280000)
  object space 173568K, 56% used [0x0000000701800000,0x00000007077bd7d8,0x000000070c180000)
 PSPermGen       total 24064K, used 23838K [0x00000006fc600000, 0x00000006fdd80000, 0x0000000701800000)
  object space 24064K, 99% used [0x00000006fc600000,0x00000006fdd47990,0x00000006fdd80000)
}
Event: 51.887 GC heap before
{Heap before GC invocations=4 (full 1):
 PSYoungGen      total 76288K, used 10748K [0x00000007ab280000, 0x00000007b0780000, 0x0000000800000000)
  eden space 65536K, 0% used [0x00000007ab280000,0x00000007ab280000,0x00000007af280000)
  from space 10752K, 99% used [0x00000007af280000,0x00000007afcff278,0x00000007afd00000)
  to   space 10752K, 0% used [0x00000007afd00000,0x00000007afd00000,0x00000007b0780000)
 ParOldGen       total 173568K, used 98037K [0x0000000701800000, 0x000000070c180000, 0x00000007ab280000)
  object space 173568K, 56% used [0x0000000701800000,0x00000007077bd7d8,0x000000070c180000)
 PSPermGen       total 24064K, used 23838K [0x00000006fc600000, 0x00000006fdd80000, 0x0000000701800000)
  object space 24064K, 99% used [0x00000006fc600000,0x00000006fdd47990,0x00000006fdd80000)
Event: 51.960 GC heap after
Heap after GC invocations=4 (full 1):
 PSYoungGen      total 76288K, used 0K [0x00000007ab280000, 0x00000007b0780000, 0x0000000800000000)
  eden space 65536K, 0% used [0x00000007ab280000,0x00000007ab280000,0x00000007af280000)
  from space 10752K, 0% used [0x00000007af280000,0x00000007af280000,0x00000007afd00000)
  to   space 10752K, 0% used [0x00000007afd00000,0x00000007afd00000,0x00000007b0780000)
 ParOldGen       total 199168K, used 46755K [0x0000000701800000, 0x000000070da80000, 0x00000007ab280000)
  object space 199168K, 23% used [0x0000000701800000,0x00000007045a8e08,0x000000070da80000)
 PSPermGen       total 48128K, used 23829K [0x00000006fc600000, 0x00000006ff500000, 0x0000000701800000)
  object space 48128K, 49% used [0x00000006fc600000,0x00000006fdd45420,0x00000006ff500000)
}

